[debug] [2024-08-18T15:47:33.544Z] ----------------------------------------------------------------------
[debug] [2024-08-18T15:47:33.549Z] Command:       C:\Program Files\nodejs\node.exe C:\Users\engwa\AppData\Roaming\npm\node_modules\firebase-tools\lib\bin\firebase.js init
[debug] [2024-08-18T15:47:33.550Z] CLI Version:   13.15.2
[debug] [2024-08-18T15:47:33.550Z] Platform:      win32
[debug] [2024-08-18T15:47:33.551Z] Node Version:  v20.9.0
[debug] [2024-08-18T15:47:33.551Z] Time:          Sun Aug 18 2024 18:47:33 GMT+0300 (Arabian Standard Time)
[debug] [2024-08-18T15:47:33.551Z] ----------------------------------------------------------------------
[debug] 
[debug] [2024-08-18T15:47:33.556Z] >>> [apiv2][query] GET https://firebase-public.firebaseio.com/cli.json [none]
[debug] [2024-08-18T15:47:33.668Z] > command requires scopes: ["email","openid","https://www.googleapis.com/auth/cloudplatformprojects.readonly","https://www.googleapis.com/auth/firebase","https://www.googleapis.com/auth/cloud-platform"]
[debug] [2024-08-18T15:47:33.669Z] > authorizing via signed-in user (boodyisthebest7777@gmail.com)
[info] 
     ######## #### ########  ######## ########     ###     ######  ########
     ##        ##  ##     ## ##       ##     ##  ##   ##  ##       ##
     ######    ##  ########  ######   ########  #########  ######  ######
     ##        ##  ##    ##  ##       ##     ## ##     ##       ## ##
     ##       #### ##     ## ######## ########  ##     ##  ######  ########

You're about to initialize a Firebase project in this directory:

  D:\Devolopment\Projects\moodly

[debug] [2024-08-18T15:47:34.462Z] <<< [apiv2][status] GET https://firebase-public.firebaseio.com/cli.json 200
[debug] [2024-08-18T15:47:34.463Z] <<< [apiv2][body] GET https://firebase-public.firebaseio.com/cli.json {"cloudBuildErrorAfter":1594252800000,"cloudBuildWarnAfter":1590019200000,"defaultNode10After":1594252800000,"minVersion":"3.0.5","node8DeploysDisabledAfter":1613390400000,"node8RuntimeDisabledAfter":1615809600000,"node8WarnAfter":1600128000000}
